20241218-13:35:53.000000000 : Created session
20241218-13:35:57.000000000 : Logon contains ResetSeqNumFlag=Y, reseting sequence numbers to 1
20241218-13:35:57.000000000 : Received logon request
20241218-13:35:57.000000000 : Responding to logon request
20241218-13:36:00.000000000 : Message 2 Rejected: Tag not defined for this message type:963
20241218-13:36:03.000000000 : Message 3 Rejected: Tag not defined for this message type:963
20241218-13:36:06.000000000 : Message 4 Rejected: Tag not defined for this message type:963
20241218-13:36:06.000000000 : Received logout request
20241218-13:36:06.000000000 : Sending logout response
20241218-13:36:06.000000000 : Disconnecting
20241218-13:38:18.000000000 : Logon contains ResetSeqNumFlag=Y, reseting sequence numbers to 1
20241218-13:38:18.000000000 : Received logon request
20241218-13:38:18.000000000 : Responding to logon request
20241218-13:38:21.000000000 : Invalid message: Expected CheckSum=194, Received CheckSum=153
20241218-13:38:24.000000000 : Invalid message: Expected CheckSum=198, Received CheckSum=153
20241218-13:38:27.000000000 : Invalid message: Expected CheckSum=202, Received CheckSum=153
20241218-13:38:30.000000000 : Invalid message: Expected CheckSum=197, Received CheckSum=153
20241218-13:38:33.000000000 : Invalid message: Expected CheckSum=201, Received CheckSum=153
20241218-13:38:36.000000000 : Invalid message: Expected CheckSum=205, Received CheckSum=153
20241218-13:38:38.000000000 : Received logout request
20241218-13:38:38.000000000 : Sending logout response
20241218-13:38:38.000000000 : Disconnecting
20241218-13:38:50.000000000 : Created session
20241218-13:38:51.000000000 : Logon contains ResetSeqNumFlag=Y, reseting sequence numbers to 1
20241218-13:38:52.000000000 : Received logon request
20241218-13:38:52.000000000 : Responding to logon request
20241218-13:38:54.000000000 : Invalid message: Expected CheckSum=200, Received CheckSum=153
20241218-13:38:57.000000000 : Invalid message: Expected CheckSum=204, Received CheckSum=153
20241218-13:39:00.000000000 : Received logout request
20241218-13:39:00.000000000 : Sending logout response
20241218-13:39:00.000000000 : Disconnecting
